<?xml version="1.0" encoding="UTF-8"?>
<!-- Generated by org.testng.reporters.JUnitReportReporter -->
<testsuite hostname="Pradeeps-macbook.local" failures="0" tests="1" name="tests.PutPathandDeleteExamples" time="2.714" errors="0" timestamp="2021-01-30T19:28:11 IST" skipped="0">
  <testcase classname="tests.PutPathandDeleteExamples" name="testDelete" time="2.714"/>
  <system-out/>
</testsuite> <!-- tests.PutPathandDeleteExamples -->
