<?xml version="1.0" encoding="UTF-8"?>
<!-- Generated by org.testng.reporters.JUnitReportReporter -->
<testsuite hostname="Pradeeps-macbook.local" failures="0" tests="1" name="tests.JSONSchemaValidator" time="2.992" errors="0" timestamp="2021-02-06T14:07:05 IST" skipped="0">
  <testcase classname="tests.JSONSchemaValidator" name="testGet" time="2.992"/>
  <system-out/>
</testsuite> <!-- tests.JSONSchemaValidator -->
