<?xml version="1.0" encoding="UTF-8"?>
<!-- Generated by org.testng.reporters.JUnitReportReporter -->
<testsuite hostname="Pradeeps-macbook.local" failures="0" tests="1" name="tests.GetAndPostExamples" time="3.462" errors="0" timestamp="2021-01-28T22:54:04 IST" skipped="0">
  <testcase classname="tests.GetAndPostExamples" name="testPost" time="3.462"/>
  <system-out/>
</testsuite> <!-- tests.GetAndPostExamples -->
