<?xml version="1.0" encoding="UTF-8"?>
<!-- Generated by org.testng.reporters.JUnitReportReporter -->
<testsuite hostname="Pradeeps-macbook.local" failures="0" tests="2" name="tests.TestsExamples" time="3.761" errors="0" timestamp="2021-01-28T22:14:27 IST" skipped="0">
  <testcase classname="tests.TestsExamples" name="test_2" time="1.436"/>
  <system-out/>
  <testcase classname="tests.TestsExamples" name="test_1" time="2.325"/>
  <system-out/>
</testsuite> <!-- tests.TestsExamples -->
