<?xml version="1.0" encoding="UTF-8"?>
<!-- Generated by org.testng.reporters.JUnitReportReporter -->
<testsuite hostname="Pradeeps-macbook.local" failures="0" tests="1" name="tests.SoapXMLRequest" time="2.608" errors="0" timestamp="2021-02-07T12:56:54 IST" skipped="0">
  <testcase classname="tests.SoapXMLRequest" name="validateSoapXML" time="2.608"/>
  <system-out/>
</testsuite> <!-- tests.SoapXMLRequest -->
