<?xml version="1.0" encoding="UTF-8"?>
<!-- Generated by org.testng.reporters.JUnitReportReporter -->
<testsuite hostname="Pradeeps-macbook.local" failures="0" tests="1" name="tests.XMLSchemaValidator" time="3.184" errors="0" timestamp="2021-02-07T13:28:00 IST" skipped="0">
  <testcase classname="tests.XMLSchemaValidator" name="schemavalidation" time="3.184"/>
  <system-out/>
</testsuite> <!-- tests.XMLSchemaValidator -->
